<?xml version="1.0" encoding="UTF-8"?>
<!-- Generated by org.testng.reporters.JUnitReportReporter -->
<testsuite hostname="DESKTOP-942KTTA" failures="0" tests="1" name="testCases.TC_001_AccountRegistrationTest" time="14.042" errors="0" timestamp="2023-06-13T12:22:23 IST" skipped="0">
  <testcase classname="testCases.TC_001_AccountRegistrationTest" name="test_account_Registration" time="14.042"/>
  <system-out/>
</testsuite> <!-- testCases.TC_001_AccountRegistrationTest -->
