<?xml version="1.0" encoding="UTF-8"?>
<!-- Generated by org.testng.reporters.JUnitReportReporter -->
<testsuite hostname="DESKTOP-942KTTA" failures="0" tests="1" name="testCases.TC_002_LoginTest" time="4.426" errors="0" timestamp="2023-06-13T12:22:23 IST" skipped="0">
  <testcase classname="testCases.TC_002_LoginTest" name="test_Login" time="4.426"/>
  <system-out/>
</testsuite> <!-- testCases.TC_002_LoginTest -->
